<?xml version="1.0" encoding="UTF-8"?>
<!-- Generated by org.testng.reporters.JUnitReportReporter -->
<testsuite skipped="0" hostname="MyLaptop" name="org.frameworkdesign.DriverScript" tests="1" failures="0" timestamp="11 Nov 2017 07:11:17 GMT" time="23.017" errors="0">
  <testcase name="mainArea" time="23.017" classname="org.frameworkdesign.DriverScript"/>
</testsuite> <!-- org.frameworkdesign.DriverScript -->
