<?xml version="1.0" encoding="UTF-8"?>
<!-- Generated by org.testng.reporters.JUnitReportReporter -->
<testsuite skipped="0" hostname="MyLaptop" name="org.frameworkdesign.DriverScript" tests="1" failures="0" timestamp="18 Nov 2017 17:26:02 GMT" time="21.388" errors="0">
  <testcase name="mainArea" time="21.388" classname="org.frameworkdesign.DriverScript"/>
</testsuite> <!-- org.frameworkdesign.DriverScript -->
