<?xml version="1.0" encoding="UTF-8"?>
<!-- Generated by org.testng.reporters.JUnitReportReporter -->
<testsuite skipped="0" hostname="MyLaptop" name="org.frameworkdesign.DriverScript" tests="1" failures="0" timestamp="02 Sep 2017 15:14:53 GMT" time="53.011" errors="0">
  <testcase name="mainArea" time="53.011" classname="org.frameworkdesign.DriverScript"/>
</testsuite> <!-- org.frameworkdesign.DriverScript -->
