<?xml version="1.0" encoding="UTF-8"?>
<!-- Generated by org.testng.reporters.JUnitReportReporter -->
<testsuite skipped="0" hostname="MyLaptop" name="org.frameworkdesign.DriverScript" tests="1" failures="0" timestamp="17 Nov 2017 13:43:15 GMT" time="34.855" errors="0">
  <testcase name="mainArea" time="34.855" classname="org.frameworkdesign.DriverScript"/>
</testsuite> <!-- org.frameworkdesign.DriverScript -->
