<?xml version="1.0" encoding="UTF-8"?>
<!-- Generated by org.testng.reporters.JUnitReportReporter -->
<testsuite skipped="0" hostname="MyLaptop" name="org.frameworkdesign.DriverScript" tests="1" failures="0" timestamp="13 Aug 2017 06:47:54 GMT" time="23.902" errors="0">
  <testcase name="mainArea" time="23.902" classname="org.frameworkdesign.DriverScript"/>
</testsuite> <!-- org.frameworkdesign.DriverScript -->
